  test.cpp
C:\Users\user\source\repos\CodingTest\CodingTest\CodingTest\test.cpp(6,44): error C2065: 'separator': 선언되지 않은 식별자입니다.
C:\Users\user\source\repos\CodingTest\CodingTest\CodingTest\test.cpp(6,44): error C3861: 'separator': 식별자를 찾을 수 없습니다.
